0 info it worked if it ends with ok
1 verbose cli [ 'node', '/usr/bin/npm', 'install', 'child_process' ]
2 info using npm@1.3.6
3 info using node@v0.10.42
4 warn package.json fs@0.0.2 No repository field.
5 warn package.json http@0.0.0 No repository field.
6 warn package.json nodejs@0.0.0 No repository field.
7 warn package.json php@0.0.1 'repositories' (plural) Not supported.
7 warn package.json Please pick one as the 'repository' field
8 warn package.json socketio@1.0.0 No repository field.
9 verbose cache add [ 'child_process', null ]
10 verbose cache add name=undefined spec="child_process" args=["child_process",null]
11 verbose parsed url { protocol: null,
11 verbose parsed url   slashes: null,
11 verbose parsed url   auth: null,
11 verbose parsed url   host: null,
11 verbose parsed url   port: null,
11 verbose parsed url   hostname: null,
11 verbose parsed url   hash: null,
11 verbose parsed url   search: null,
11 verbose parsed url   query: null,
11 verbose parsed url   pathname: 'child_process',
11 verbose parsed url   path: 'child_process',
11 verbose parsed url   href: 'child_process' }
12 silly lockFile 4845fa97-child-process child_process
13 verbose lock child_process /root/.npm/4845fa97-child-process.lock
14 silly lockFile 4845fa97-child-process child_process
15 silly lockFile 4845fa97-child-process child_process
16 verbose addNamed [ 'child_process', '' ]
17 verbose addNamed [ null, '*' ]
18 silly lockFile 512a7ef6-child-process child_process@
19 verbose lock child_process@ /root/.npm/512a7ef6-child-process.lock
20 silly addNameRange { name: 'child_process', range: '*', hasData: false }
21 verbose url raw child_process
22 verbose url resolving [ 'https://registry.npmjs.org/', './child_process' ]
23 verbose url resolved https://registry.npmjs.org/child_process
24 info trying registry request attempt 1 at 20:20:26
25 http GET https://registry.npmjs.org/child_process
26 http 404 https://registry.npmjs.org/child_process
27 silly registry.get cb [ 404,
27 silly registry.get   { 'content-type': 'application/json',
27 silly registry.get     'cache-control': 'max-age=0',
27 silly registry.get     'content-length': '2',
27 silly registry.get     'accept-ranges': 'bytes',
27 silly registry.get     date: 'Wed, 04 May 2016 20:20:26 GMT',
27 silly registry.get     via: '1.1 varnish',
27 silly registry.get     age: '0',
27 silly registry.get     connection: 'keep-alive',
27 silly registry.get     'x-served-by': 'cache-itm7420-ITM',
27 silly registry.get     'x-cache': 'MISS',
27 silly registry.get     'x-cache-hits': '0',
27 silly registry.get     'x-timer': 'S1462393226.185342,VS0,VE602',
27 silly registry.get     vary: 'Accept-Encoding' } ]
28 silly addNameRange number 2 { name: 'child_process', range: '*', hasData: true }
29 silly addNameRange versions [ undefined, [] ]
30 error TypeError: Cannot read property 'latest' of undefined
30 error     at next (/usr/lib/node_modules/npm/lib/cache.js:687:35)
30 error     at /usr/lib/node_modules/npm/lib/cache.js:675:5
30 error     at saved (/usr/lib/node_modules/npm-registry-client/lib/get.js:148:7)
30 error     at /usr/lib/node_modules/graceful-fs/polyfills.js:133:7
30 error     at Object.oncomplete (fs.js:108:15)
31 error If you need help, you may report this log at:
31 error     <http://github.com/isaacs/npm/issues>
31 error or email it to:
31 error     <npm-@googlegroups.com>
32 error System Linux 4.4.5-15.26.amzn1.x86_64
33 error command "node" "/usr/bin/npm" "install" "child_process"
34 error cwd /var/www/html/v2/js
35 error node -v v0.10.42
36 error npm -v 1.3.6
37 error type non_object_property_load
38 verbose exit [ 1, true ]
